0 info it worked if it ends with ok
1 verbose cli [ 'C:\\Program Files\\nodejs\\node.exe',
1 verbose cli   'C:\\Program Files\\nodejs\\node_modules\\npm\\bin\\npm-cli.js',
1 verbose cli   'run',
1 verbose cli   'tagVersion' ]
2 info using npm@3.10.10
3 info using node@v6.9.5
4 verbose run-script [ 'pretagVersion', 'tagVersion', 'posttagVersion' ]
5 info lifecycle angular-librarian-test@1.0.0~pretagVersion: angular-librarian-test@1.0.0
6 verbose lifecycle angular-librarian-test@1.0.0~pretagVersion: unsafe-perm in lifecycle true
7 verbose lifecycle angular-librarian-test@1.0.0~pretagVersion: PATH: C:\Users\matt.fehskens\AppData\Roaming\nvm\v6.9.5\node_modules\npm\bin\node-gyp-bin;C:\Users\matt.fehskens\Projects\playground\librarian-test\node_modules\.bin;C:\Users\matt.fehskens\Downloads\cmder\bin;C:\Users\matt.fehskens\Downloads\cmder\vendor\conemu-maximus5\ConEmu\Scripts;C:\Users\matt.fehskens\Downloads\cmder\bin;C:\Users\matt.fehskens\Downloads\cmder\vendor\conemu-maximus5\ConEmu\Scripts;C:\Users\matt.fehskens\Downloads\cmder\bin;C:\Users\matt.fehskens\Downloads\cmder\vendor\conemu-maximus5\ConEmu\Scripts;C:\Users\matt.fehskens\Downloads\cmder\vendor\conemu-maximus5;C:\Users\matt.fehskens\Downloads\cmder\vendor\conemu-maximus5\ConEmu;C:\Program Files\Docker\Docker\Resources\bin;C:\ProgramData\Oracle\Java\javapath;C:\Program Files (x86)\Intel\iCLS Client\;C:\Program Files\Intel\iCLS Client\;C:\WINDOWS\system32;C:\WINDOWS;C:\WINDOWS\System32\Wbem;C:\WINDOWS\System32\WindowsPowerShell\v1.0\;C:\Program Files\Intel\Intel(R) Management Engine Components\DAL;C:\Program Files (x86)\Intel\Intel(R) Management Engine Components\DAL;C:\Program Files\Intel\Intel(R) Management Engine Components\IPT;C:\Program Files (x86)\Intel\Intel(R) Management Engine Components\IPT;C:\gradle\bin;C:\maven\bin;C:\Users\matt.fehskens\AppData\Roaming\nvm;C:\Go\bin;C:\Program Files\TortoiseSVN\bin;C:\Users\matt.fehskens\Downloads\cmder\Cmder.exe;C:\Program Files\OpenVPN\bin;C:\Program Files\PuTTY\;C:\Users\matt.fehskens\aliases.cmd;C:\Program Files\erl8.3\bin;C:\Program Files (x86)\Elixir\bin;C:\WINDOWS\system32\config\systemprofile\.mix\escripts;C:\Program Files (x86)\Elm Platform\0.16\bin;C:\Program Files (x86)\Microsoft VS Code\bin;C:\Users\matt.fehskens\AppData\Roaming\npm;C:\Users\matt.fehskens\AppData\Roaming\nvm;C:\Program Files\nodejs;C:\Users\matt.fehskens\AppData\Local\Programs\Git\cmd;C:\Users\matt.fehskens\AppData\Local\Programs\Git\mingw64\bin;C:\Users\matt.fehskens\AppData\Local\Programs\Git\usr\bin;C:\Users\matt.fehskens\AppData\Local\Microsoft\WindowsApps;C:\Users\matt.fehskens\Downloads\cmder\Cmder.exe;%CD%\node_modules\.bin;C:\Users\matt.fehskens\AppData\Local\Programs\Git\usr\bin;C:\Users\matt.fehskens\AppData\Local\Programs\Git\usr\share\vim\vim74;C:\Users\matt.fehskens\Downloads\cmder\;C:\Users\matt.fehskens\AppData\Local\Programs\Git\usr\bin;C:\Users\matt.fehskens\AppData\Local\Programs\Git\usr\share\vim\vim74;C:\Users\matt.fehskens\Downloads\cmder\;C:\Users\matt.fehskens\AppData\Local\Programs\Git\usr\bin;C:\Users\matt.fehskens\AppData\Local\Programs\Git\usr\share\vim\vim74;C:\Users\matt.fehskens\Downloads\cmder\
8 verbose lifecycle angular-librarian-test@1.0.0~pretagVersion: CWD: C:\Users\matt.fehskens\Projects\playground\librarian-test
9 silly lifecycle angular-librarian-test@1.0.0~pretagVersion: Args: [ '/d /s /c', 'npm run build' ]
10 silly lifecycle angular-librarian-test@1.0.0~pretagVersion: Returned: code: 0  signal: null
11 info lifecycle angular-librarian-test@1.0.0~tagVersion: angular-librarian-test@1.0.0
12 verbose lifecycle angular-librarian-test@1.0.0~tagVersion: unsafe-perm in lifecycle true
13 verbose lifecycle angular-librarian-test@1.0.0~tagVersion: PATH: C:\Users\matt.fehskens\AppData\Roaming\nvm\v6.9.5\node_modules\npm\bin\node-gyp-bin;C:\Users\matt.fehskens\Projects\playground\librarian-test\node_modules\.bin;C:\Users\matt.fehskens\Downloads\cmder\bin;C:\Users\matt.fehskens\Downloads\cmder\vendor\conemu-maximus5\ConEmu\Scripts;C:\Users\matt.fehskens\Downloads\cmder\bin;C:\Users\matt.fehskens\Downloads\cmder\vendor\conemu-maximus5\ConEmu\Scripts;C:\Users\matt.fehskens\Downloads\cmder\bin;C:\Users\matt.fehskens\Downloads\cmder\vendor\conemu-maximus5\ConEmu\Scripts;C:\Users\matt.fehskens\Downloads\cmder\vendor\conemu-maximus5;C:\Users\matt.fehskens\Downloads\cmder\vendor\conemu-maximus5\ConEmu;C:\Program Files\Docker\Docker\Resources\bin;C:\ProgramData\Oracle\Java\javapath;C:\Program Files (x86)\Intel\iCLS Client\;C:\Program Files\Intel\iCLS Client\;C:\WINDOWS\system32;C:\WINDOWS;C:\WINDOWS\System32\Wbem;C:\WINDOWS\System32\WindowsPowerShell\v1.0\;C:\Program Files\Intel\Intel(R) Management Engine Components\DAL;C:\Program Files (x86)\Intel\Intel(R) Management Engine Components\DAL;C:\Program Files\Intel\Intel(R) Management Engine Components\IPT;C:\Program Files (x86)\Intel\Intel(R) Management Engine Components\IPT;C:\gradle\bin;C:\maven\bin;C:\Users\matt.fehskens\AppData\Roaming\nvm;C:\Go\bin;C:\Program Files\TortoiseSVN\bin;C:\Users\matt.fehskens\Downloads\cmder\Cmder.exe;C:\Program Files\OpenVPN\bin;C:\Program Files\PuTTY\;C:\Users\matt.fehskens\aliases.cmd;C:\Program Files\erl8.3\bin;C:\Program Files (x86)\Elixir\bin;C:\WINDOWS\system32\config\systemprofile\.mix\escripts;C:\Program Files (x86)\Elm Platform\0.16\bin;C:\Program Files (x86)\Microsoft VS Code\bin;C:\Users\matt.fehskens\AppData\Roaming\npm;C:\Users\matt.fehskens\AppData\Roaming\nvm;C:\Program Files\nodejs;C:\Users\matt.fehskens\AppData\Local\Programs\Git\cmd;C:\Users\matt.fehskens\AppData\Local\Programs\Git\mingw64\bin;C:\Users\matt.fehskens\AppData\Local\Programs\Git\usr\bin;C:\Users\matt.fehskens\AppData\Local\Microsoft\WindowsApps;C:\Users\matt.fehskens\Downloads\cmder\Cmder.exe;%CD%\node_modules\.bin;C:\Users\matt.fehskens\AppData\Local\Programs\Git\usr\bin;C:\Users\matt.fehskens\AppData\Local\Programs\Git\usr\share\vim\vim74;C:\Users\matt.fehskens\Downloads\cmder\;C:\Users\matt.fehskens\AppData\Local\Programs\Git\usr\bin;C:\Users\matt.fehskens\AppData\Local\Programs\Git\usr\share\vim\vim74;C:\Users\matt.fehskens\Downloads\cmder\;C:\Users\matt.fehskens\AppData\Local\Programs\Git\usr\bin;C:\Users\matt.fehskens\AppData\Local\Programs\Git\usr\share\vim\vim74;C:\Users\matt.fehskens\Downloads\cmder\
14 verbose lifecycle angular-librarian-test@1.0.0~tagVersion: CWD: C:\Users\matt.fehskens\Projects\playground\librarian-test
15 silly lifecycle angular-librarian-test@1.0.0~tagVersion: Args: [ '/d /s /c', 'cd dist && np' ]
16 silly lifecycle angular-librarian-test@1.0.0~tagVersion: Returned: code: 1  signal: null
17 info lifecycle angular-librarian-test@1.0.0~tagVersion: Failed to exec tagVersion script
18 verbose stack Error: angular-librarian-test@1.0.0 tagVersion: `cd dist && np`
18 verbose stack Exit status 1
18 verbose stack     at EventEmitter.<anonymous> (C:\Users\matt.fehskens\AppData\Roaming\nvm\v6.9.5\node_modules\npm\lib\utils\lifecycle.js:255:16)
18 verbose stack     at emitTwo (events.js:106:13)
18 verbose stack     at EventEmitter.emit (events.js:191:7)
18 verbose stack     at ChildProcess.<anonymous> (C:\Users\matt.fehskens\AppData\Roaming\nvm\v6.9.5\node_modules\npm\lib\utils\spawn.js:40:14)
18 verbose stack     at emitTwo (events.js:106:13)
18 verbose stack     at ChildProcess.emit (events.js:191:7)
18 verbose stack     at maybeClose (internal/child_process.js:877:16)
18 verbose stack     at Process.ChildProcess._handle.onexit (internal/child_process.js:226:5)
19 verbose pkgid angular-librarian-test@1.0.0
20 verbose cwd C:\Users\matt.fehskens\Projects\playground\librarian-test
21 error Windows_NT 10.0.14393
22 error argv "C:\\Program Files\\nodejs\\node.exe" "C:\\Program Files\\nodejs\\node_modules\\npm\\bin\\npm-cli.js" "run" "tagVersion"
23 error node v6.9.5
24 error npm  v3.10.10
25 error code ELIFECYCLE
26 error angular-librarian-test@1.0.0 tagVersion: `cd dist && np`
26 error Exit status 1
27 error Failed at the angular-librarian-test@1.0.0 tagVersion script 'cd dist && np'.
27 error Make sure you have the latest version of node.js and npm installed.
27 error If you do, this is most likely a problem with the angular-librarian-test package,
27 error not with npm itself.
27 error Tell the author that this fails on your system:
27 error     cd dist && np
27 error You can get information on how to open an issue for this project with:
27 error     npm bugs angular-librarian-test
27 error Or if that isn't available, you can get their info via:
27 error     npm owner ls angular-librarian-test
27 error There is likely additional logging output above.
28 verbose exit [ 1, true ]
